<?xml version="1.0" encoding="UTF-8"?>
<testsuite xmlns:xsi="http://www.w3.org/2001/XMLSchema-instance" xsi:noNamespaceSchemaLocation="https://maven.apache.org/surefire/maven-surefire-plugin/xsd/surefire-test-report.xsd" name="dk.sdu.mmmi.cbse.player.PlayerSystemTest" time="0.095" tests="3" errors="0" skipped="0" failures="0">
  <properties>
[...]
</properties>
  <testcase name="testStart" classname="dk.sdu.mmmi.cbse.player.PlayerSystemTest" time="0.019"/>
  <testcase name="testStop" classname="dk.sdu.mmmi.cbse.player.PlayerSystemTest" time="0"/>
  <testcase name="testProcess" classname="dk.sdu.mmmi.cbse.player.PlayerSystemTest" time="0"/>
</testsuite>